[0.018s] Invoking command in '/home/daniel/controlador_multiples/build/controlador_multiples': CMAKE_PREFIX_PATH=${CMAKE_PREFIX_PATH}:/home/daniel/danbot_v1_ws/install/controlador_motores_v2:/home/daniel/danbot_v1_ws/install/controlador_motores_v1:/home/daniel/danbot_v1_ws/install/cinematica_v1:/opt/ros/jazzy DEBUGINFOD_URLS=https://debuginfod.ubuntu.com /usr/bin/cmake --build /home/daniel/controlador_multiples/build/controlador_multiples -- -j4 -l4
[0.110s] [ 50%] [32mBuilding CXX object CMakeFiles/controlador_multiple.dir/src/controlador_multiple.cpp.o[0m
[29.254s] [100%] [32m[1mLinking CXX executable controlador_multiple[0m
[31.006s] [100%] Built target controlador_multiple
[31.020s] Invoked command in '/home/daniel/controlador_multiples/build/controlador_multiples' returned '0': CMAKE_PREFIX_PATH=${CMAKE_PREFIX_PATH}:/home/daniel/danbot_v1_ws/install/controlador_motores_v2:/home/daniel/danbot_v1_ws/install/controlador_motores_v1:/home/daniel/danbot_v1_ws/install/cinematica_v1:/opt/ros/jazzy DEBUGINFOD_URLS=https://debuginfod.ubuntu.com /usr/bin/cmake --build /home/daniel/controlador_multiples/build/controlador_multiples -- -j4 -l4
[31.033s] Invoking command in '/home/daniel/controlador_multiples/build/controlador_multiples': CMAKE_PREFIX_PATH=${CMAKE_PREFIX_PATH}:/home/daniel/danbot_v1_ws/install/controlador_motores_v2:/home/daniel/danbot_v1_ws/install/controlador_motores_v1:/home/daniel/danbot_v1_ws/install/cinematica_v1:/opt/ros/jazzy DEBUGINFOD_URLS=https://debuginfod.ubuntu.com /usr/bin/cmake --install /home/daniel/controlador_multiples/build/controlador_multiples
[31.045s] -- Install configuration: ""
[31.045s] -- Execute custom install script
[31.046s] -- Up-to-date symlink: /home/daniel/controlador_multiples/install/controlador_multiples/lib/controlador_multiples/controlador_multiple
[31.046s] -- Up-to-date symlink: /home/daniel/controlador_multiples/install/controlador_multiples/share/ament_index/resource_index/package_run_dependencies/controlador_multiples
[31.046s] -- Up-to-date symlink: /home/daniel/controlador_multiples/install/controlador_multiples/share/ament_index/resource_index/parent_prefix_path/controlador_multiples
[31.048s] -- Up-to-date symlink: /home/daniel/controlador_multiples/install/controlador_multiples/share/controlador_multiples/environment/ament_prefix_path.sh
[31.048s] -- Up-to-date symlink: /home/daniel/controlador_multiples/install/controlador_multiples/share/controlador_multiples/environment/ament_prefix_path.dsv
[31.048s] -- Up-to-date symlink: /home/daniel/controlador_multiples/install/controlador_multiples/share/controlador_multiples/environment/path.sh
[31.051s] -- Up-to-date symlink: /home/daniel/controlador_multiples/install/controlador_multiples/share/controlador_multiples/environment/path.dsv
[31.051s] -- Up-to-date symlink: /home/daniel/controlador_multiples/install/controlador_multiples/share/controlador_multiples/local_setup.bash
[31.051s] -- Up-to-date symlink: /home/daniel/controlador_multiples/install/controlador_multiples/share/controlador_multiples/local_setup.sh
[31.051s] -- Up-to-date symlink: /home/daniel/controlador_multiples/install/controlador_multiples/share/controlador_multiples/local_setup.zsh
[31.051s] -- Up-to-date symlink: /home/daniel/controlador_multiples/install/controlador_multiples/share/controlador_multiples/local_setup.dsv
[31.051s] -- Symlinking: /home/daniel/controlador_multiples/install/controlador_multiples/share/controlador_multiples/package.dsv
[31.062s] -- Up-to-date symlink: /home/daniel/controlador_multiples/install/controlador_multiples/share/ament_index/resource_index/packages/controlador_multiples
[31.062s] -- Up-to-date symlink: /home/daniel/controlador_multiples/install/controlador_multiples/share/controlador_multiples/cmake/controlador_multiplesConfig.cmake
[31.062s] -- Up-to-date symlink: /home/daniel/controlador_multiples/install/controlador_multiples/share/controlador_multiples/cmake/controlador_multiplesConfig-version.cmake
[31.062s] -- Up-to-date symlink: /home/daniel/controlador_multiples/install/controlador_multiples/share/controlador_multiples/package.xml
[31.064s] Invoked command in '/home/daniel/controlador_multiples/build/controlador_multiples' returned '0': CMAKE_PREFIX_PATH=${CMAKE_PREFIX_PATH}:/home/daniel/danbot_v1_ws/install/controlador_motores_v2:/home/daniel/danbot_v1_ws/install/controlador_motores_v1:/home/daniel/danbot_v1_ws/install/cinematica_v1:/opt/ros/jazzy DEBUGINFOD_URLS=https://debuginfod.ubuntu.com /usr/bin/cmake --install /home/daniel/controlador_multiples/build/controlador_multiples
