[0.021s] Invoking command in '/home/daniel/controlador_multiples/build/controlador_multiples': CMAKE_PREFIX_PATH=${CMAKE_PREFIX_PATH}:/home/daniel/danbot_v1_ws/install/controlador_motores_v2:/home/daniel/danbot_v1_ws/install/controlador_motores_v1:/home/daniel/danbot_v1_ws/install/cinematica_v1:/opt/ros/jazzy DEBUGINFOD_URLS=https://debuginfod.ubuntu.com /usr/bin/cmake --build /home/daniel/controlador_multiples/build/controlador_multiples -- -j4 -l4
[0.139s] [ 50%] [32mBuilding CXX object CMakeFiles/controlador_multiple.dir/src/controlador_multiple.cpp.o[0m
[33.739s] [100%] [32m[1mLinking CXX executable controlador_multiple[0m
[35.566s] [100%] Built target controlador_multiple
[35.580s] Invoked command in '/home/daniel/controlador_multiples/build/controlador_multiples' returned '0': CMAKE_PREFIX_PATH=${CMAKE_PREFIX_PATH}:/home/daniel/danbot_v1_ws/install/controlador_motores_v2:/home/daniel/danbot_v1_ws/install/controlador_motores_v1:/home/daniel/danbot_v1_ws/install/cinematica_v1:/opt/ros/jazzy DEBUGINFOD_URLS=https://debuginfod.ubuntu.com /usr/bin/cmake --build /home/daniel/controlador_multiples/build/controlador_multiples -- -j4 -l4
[35.594s] Invoking command in '/home/daniel/controlador_multiples/build/controlador_multiples': CMAKE_PREFIX_PATH=${CMAKE_PREFIX_PATH}:/home/daniel/danbot_v1_ws/install/controlador_motores_v2:/home/daniel/danbot_v1_ws/install/controlador_motores_v1:/home/daniel/danbot_v1_ws/install/cinematica_v1:/opt/ros/jazzy DEBUGINFOD_URLS=https://debuginfod.ubuntu.com /usr/bin/cmake --install /home/daniel/controlador_multiples/build/controlador_multiples
[35.606s] -- Install configuration: ""
[35.607s] -- Execute custom install script
[35.607s] -- Up-to-date symlink: /home/daniel/controlador_multiples/install/controlador_multiples/lib/controlador_multiples/controlador_multiple
[35.608s] -- Up-to-date symlink: /home/daniel/controlador_multiples/install/controlador_multiples/share/ament_index/resource_index/package_run_dependencies/controlador_multiples
[35.609s] -- Up-to-date symlink: /home/daniel/controlador_multiples/install/controlador_multiples/share/ament_index/resource_index/parent_prefix_path/controlador_multiples
[35.609s] -- Up-to-date symlink: /home/daniel/controlador_multiples/install/controlador_multiples/share/controlador_multiples/environment/ament_prefix_path.sh
[35.609s] -- Up-to-date symlink: /home/daniel/controlador_multiples/install/controlador_multiples/share/controlador_multiples/environment/ament_prefix_path.dsv
[35.609s] -- Up-to-date symlink: /home/daniel/controlador_multiples/install/controlador_multiples/share/controlador_multiples/environment/path.sh
[35.610s] -- Up-to-date symlink: /home/daniel/controlador_multiples/install/controlador_multiples/share/controlador_multiples/environment/path.dsv
[35.610s] -- Up-to-date symlink: /home/daniel/controlador_multiples/install/controlador_multiples/share/controlador_multiples/local_setup.bash
[35.611s] -- Up-to-date symlink: /home/daniel/controlador_multiples/install/controlador_multiples/share/controlador_multiples/local_setup.sh
[35.611s] -- Up-to-date symlink: /home/daniel/controlador_multiples/install/controlador_multiples/share/controlador_multiples/local_setup.zsh
[35.611s] -- Up-to-date symlink: /home/daniel/controlador_multiples/install/controlador_multiples/share/controlador_multiples/local_setup.dsv
[35.611s] -- Symlinking: /home/daniel/controlador_multiples/install/controlador_multiples/share/controlador_multiples/package.dsv
[35.626s] -- Up-to-date symlink: /home/daniel/controlador_multiples/install/controlador_multiples/share/ament_index/resource_index/packages/controlador_multiples
[35.626s] -- Up-to-date symlink: /home/daniel/controlador_multiples/install/controlador_multiples/share/controlador_multiples/cmake/controlador_multiplesConfig.cmake
[35.627s] -- Up-to-date symlink: /home/daniel/controlador_multiples/install/controlador_multiples/share/controlador_multiples/cmake/controlador_multiplesConfig-version.cmake
[35.627s] -- Up-to-date symlink: /home/daniel/controlador_multiples/install/controlador_multiples/share/controlador_multiples/package.xml
[35.631s] Invoked command in '/home/daniel/controlador_multiples/build/controlador_multiples' returned '0': CMAKE_PREFIX_PATH=${CMAKE_PREFIX_PATH}:/home/daniel/danbot_v1_ws/install/controlador_motores_v2:/home/daniel/danbot_v1_ws/install/controlador_motores_v1:/home/daniel/danbot_v1_ws/install/cinematica_v1:/opt/ros/jazzy DEBUGINFOD_URLS=https://debuginfod.ubuntu.com /usr/bin/cmake --install /home/daniel/controlador_multiples/build/controlador_multiples
