[0.427s] DEBUG:colcon:Command line arguments: ['/usr/bin/colcon', 'build', '--symlink-install']
[0.427s] DEBUG:colcon:Parsed command line arguments: Namespace(log_base=None, log_level=None, verb_name='build', build_base='build', install_base='install', merge_install=False, symlink_install=True, test_result_base=None, continue_on_error=False, executor='parallel', parallel_workers=4, event_handlers=None, ignore_user_meta=False, metas=['./colcon.meta'], base_paths=['.'], packages_ignore=None, packages_ignore_regex=None, paths=None, packages_up_to=None, packages_up_to_regex=None, packages_above=None, packages_above_and_dependencies=None, packages_above_depth=None, packages_select_by_dep=None, packages_skip_by_dep=None, packages_skip_up_to=None, packages_select_build_failed=False, packages_skip_build_finished=False, packages_select_test_failures=False, packages_skip_test_passed=False, packages_select=None, packages_skip=None, packages_select_regex=None, packages_skip_regex=None, packages_start=None, packages_end=None, cmake_args=None, cmake_target=None, cmake_target_skip_unavailable=False, cmake_clean_cache=False, cmake_clean_first=False, cmake_force_configure=False, ament_cmake_args=None, catkin_cmake_args=None, catkin_skip_building_tests=False, verb_parser=<colcon_defaults.argument_parser.defaults.DefaultArgumentsDecorator object at 0x716c19003680>, verb_extension=<colcon_core.verb.build.BuildVerb object at 0x716c19003530>, main=<bound method BuildVerb.main of <colcon_core.verb.build.BuildVerb object at 0x716c19003530>>)
[0.516s] Level 1:colcon.colcon_core.package_discovery:discover_packages(colcon_meta) check parameters
[0.517s] Level 1:colcon.colcon_core.package_discovery:discover_packages(recursive) check parameters
[0.517s] Level 1:colcon.colcon_core.package_discovery:discover_packages(ignore) check parameters
[0.517s] Level 1:colcon.colcon_core.package_discovery:discover_packages(path) check parameters
[0.517s] Level 1:colcon.colcon_core.package_discovery:discover_packages(colcon_meta) discover
[0.517s] Level 1:colcon.colcon_core.package_discovery:discover_packages(recursive) discover
[0.517s] INFO:colcon.colcon_core.package_discovery:Crawling recursively for packages in '/home/daniel/controlador_multiples'
[0.517s] Level 1:colcon.colcon_core.package_identification:_identify(.) by extensions ['ignore', 'ignore_ament_install']
[0.518s] Level 1:colcon.colcon_core.package_identification:_identify(.) by extension 'ignore'
[0.518s] Level 1:colcon.colcon_core.package_identification:_identify(.) by extension 'ignore_ament_install'
[0.518s] Level 1:colcon.colcon_core.package_identification:_identify(.) by extensions ['colcon_pkg']
[0.518s] Level 1:colcon.colcon_core.package_identification:_identify(.) by extension 'colcon_pkg'
[0.518s] Level 1:colcon.colcon_core.package_identification:_identify(.) by extensions ['colcon_meta']
[0.518s] Level 1:colcon.colcon_core.package_identification:_identify(.) by extension 'colcon_meta'
[0.518s] Level 1:colcon.colcon_core.package_identification:_identify(.) by extensions ['ros']
[0.518s] Level 1:colcon.colcon_core.package_identification:_identify(.) by extension 'ros'
[0.580s] DEBUG:colcon.colcon_core.package_identification:Package '.' with type 'ros.ament_cmake' and name 'controlador_multiples'
[0.580s] Level 1:colcon.colcon_core.package_discovery:discover_packages(recursive) using defaults
[0.580s] Level 1:colcon.colcon_core.package_discovery:discover_packages(ignore) discover
[0.580s] Level 1:colcon.colcon_core.package_discovery:discover_packages(ignore) using defaults
[0.581s] Level 1:colcon.colcon_core.package_discovery:discover_packages(path) discover
[0.581s] Level 1:colcon.colcon_core.package_discovery:discover_packages(path) using defaults
[0.621s] Level 5:colcon.colcon_core.verb:set package 'controlador_multiples' build argument 'cmake_args' from command line to 'None'
[0.622s] Level 5:colcon.colcon_core.verb:set package 'controlador_multiples' build argument 'cmake_target' from command line to 'None'
[0.622s] Level 5:colcon.colcon_core.verb:set package 'controlador_multiples' build argument 'cmake_target_skip_unavailable' from command line to 'False'
[0.622s] Level 5:colcon.colcon_core.verb:set package 'controlador_multiples' build argument 'cmake_clean_cache' from command line to 'False'
[0.622s] Level 5:colcon.colcon_core.verb:set package 'controlador_multiples' build argument 'cmake_clean_first' from command line to 'False'
[0.622s] Level 5:colcon.colcon_core.verb:set package 'controlador_multiples' build argument 'cmake_force_configure' from command line to 'False'
[0.622s] Level 5:colcon.colcon_core.verb:set package 'controlador_multiples' build argument 'ament_cmake_args' from command line to 'None'
[0.622s] Level 5:colcon.colcon_core.verb:set package 'controlador_multiples' build argument 'catkin_cmake_args' from command line to 'None'
[0.622s] Level 5:colcon.colcon_core.verb:set package 'controlador_multiples' build argument 'catkin_skip_building_tests' from command line to 'False'
[0.622s] DEBUG:colcon.colcon_core.verb:Building package 'controlador_multiples' with the following arguments: {'ament_cmake_args': None, 'build_base': '/home/daniel/controlador_multiples/build/controlador_multiples', 'catkin_cmake_args': None, 'catkin_skip_building_tests': False, 'cmake_args': None, 'cmake_clean_cache': False, 'cmake_clean_first': False, 'cmake_force_configure': False, 'cmake_target': None, 'cmake_target_skip_unavailable': False, 'install_base': '/home/daniel/controlador_multiples/install/controlador_multiples', 'merge_install': False, 'path': '/home/daniel/controlador_multiples', 'symlink_install': True, 'test_result_base': None}
[0.623s] INFO:colcon.colcon_core.executor:Executing jobs using 'parallel' executor
[0.624s] DEBUG:colcon.colcon_parallel_executor.executor.parallel:run_until_complete
[0.625s] INFO:colcon.colcon_ros.task.ament_cmake.build:Building ROS package in '/home/daniel/controlador_multiples' with build type 'ament_cmake'
[0.625s] INFO:colcon.colcon_cmake.task.cmake.build:Building CMake package in '/home/daniel/controlador_multiples'
[0.629s] INFO:colcon.colcon_core.plugin_system:Skipping extension 'colcon_core.shell.bat': Not used on non-Windows systems
[0.630s] DEBUG:colcon.colcon_core.shell:Skip shell extension 'dsv' for command environment
[0.655s] DEBUG:colcon.colcon_core.event_handler.log_command:Invoking command in '/home/daniel/controlador_multiples/build/controlador_multiples': CMAKE_PREFIX_PATH=${CMAKE_PREFIX_PATH}:/home/daniel/danbot_v1_ws/install/controlador_motores_v2:/home/daniel/danbot_v1_ws/install/controlador_motores_v1:/home/daniel/danbot_v1_ws/install/cinematica_v1:/opt/ros/jazzy DEBUGINFOD_URLS=https://debuginfod.ubuntu.com /usr/bin/cmake --build /home/daniel/controlador_multiples/build/controlador_multiples -- -j4 -l4
[43.929s] DEBUG:colcon.colcon_core.event_handler.log_command:Invoked command in '/home/daniel/controlador_multiples/build/controlador_multiples' returned '0': CMAKE_PREFIX_PATH=${CMAKE_PREFIX_PATH}:/home/daniel/danbot_v1_ws/install/controlador_motores_v2:/home/daniel/danbot_v1_ws/install/controlador_motores_v1:/home/daniel/danbot_v1_ws/install/cinematica_v1:/opt/ros/jazzy DEBUGINFOD_URLS=https://debuginfod.ubuntu.com /usr/bin/cmake --build /home/daniel/controlador_multiples/build/controlador_multiples -- -j4 -l4
[43.946s] DEBUG:colcon.colcon_core.event_handler.log_command:Invoking command in '/home/daniel/controlador_multiples/build/controlador_multiples': CMAKE_PREFIX_PATH=${CMAKE_PREFIX_PATH}:/home/daniel/danbot_v1_ws/install/controlador_motores_v2:/home/daniel/danbot_v1_ws/install/controlador_motores_v1:/home/daniel/danbot_v1_ws/install/cinematica_v1:/opt/ros/jazzy DEBUGINFOD_URLS=https://debuginfod.ubuntu.com /usr/bin/cmake --install /home/daniel/controlador_multiples/build/controlador_multiples
[44.002s] Level 1:colcon.colcon_core.environment:create_environment_scripts_only(controlador_multiples)
[44.005s] DEBUG:colcon.colcon_core.event_handler.log_command:Invoked command in '/home/daniel/controlador_multiples/build/controlador_multiples' returned '0': CMAKE_PREFIX_PATH=${CMAKE_PREFIX_PATH}:/home/daniel/danbot_v1_ws/install/controlador_motores_v2:/home/daniel/danbot_v1_ws/install/controlador_motores_v1:/home/daniel/danbot_v1_ws/install/cinematica_v1:/opt/ros/jazzy DEBUGINFOD_URLS=https://debuginfod.ubuntu.com /usr/bin/cmake --install /home/daniel/controlador_multiples/build/controlador_multiples
[44.009s] Level 1:colcon.colcon_core.environment:checking '/home/daniel/controlador_multiples/install/controlador_multiples' for CMake module files
[44.010s] Level 1:colcon.colcon_core.environment:checking '/home/daniel/controlador_multiples/install/controlador_multiples' for CMake config files
[44.011s] Level 1:colcon.colcon_core.shell:create_environment_hook('controlador_multiples', 'cmake_prefix_path')
[44.011s] INFO:colcon.colcon_core.shell:Creating environment descriptor '/home/daniel/controlador_multiples/install/controlador_multiples/share/controlador_multiples/hook/cmake_prefix_path.dsv'
[44.012s] INFO:colcon.colcon_core.shell:Creating environment hook '/home/daniel/controlador_multiples/install/controlador_multiples/share/controlador_multiples/hook/cmake_prefix_path.sh'
[44.013s] Level 1:colcon.colcon_core.environment:checking '/home/daniel/controlador_multiples/install/controlador_multiples/lib'
[44.013s] Level 1:colcon.colcon_core.environment:checking '/home/daniel/controlador_multiples/install/controlador_multiples/bin'
[44.013s] Level 1:colcon.colcon_core.environment:checking '/home/daniel/controlador_multiples/install/controlador_multiples/lib/pkgconfig/controlador_multiples.pc'
[44.018s] Level 1:colcon.colcon_core.environment:checking '/home/daniel/controlador_multiples/install/controlador_multiples/lib/python3.12/site-packages'
[44.019s] Level 1:colcon.colcon_core.environment:checking '/home/daniel/controlador_multiples/install/controlador_multiples/bin'
[44.019s] INFO:colcon.colcon_core.shell:Creating package descriptor '/home/daniel/controlador_multiples/install/controlador_multiples/share/controlador_multiples/package.dsv'
[44.020s] INFO:colcon.colcon_core.shell:Creating package script '/home/daniel/controlador_multiples/install/controlador_multiples/share/controlador_multiples/package.sh'
[44.023s] INFO:colcon.colcon_core.shell:Creating package script '/home/daniel/controlador_multiples/install/controlador_multiples/share/controlador_multiples/package.bash'
[44.024s] INFO:colcon.colcon_core.shell:Creating package script '/home/daniel/controlador_multiples/install/controlador_multiples/share/controlador_multiples/package.zsh'
[44.024s] Level 1:colcon.colcon_core.environment:create_file_with_runtime_dependencies(/home/daniel/controlador_multiples/install/controlador_multiples/share/colcon-core/packages/controlador_multiples)
[44.025s] Level 1:colcon.colcon_core.environment:create_environment_scripts_only(controlador_multiples)
[44.025s] Level 1:colcon.colcon_core.environment:checking '/home/daniel/controlador_multiples/install/controlador_multiples' for CMake module files
[44.026s] Level 1:colcon.colcon_core.environment:checking '/home/daniel/controlador_multiples/install/controlador_multiples' for CMake config files
[44.027s] Level 1:colcon.colcon_core.shell:create_environment_hook('controlador_multiples', 'cmake_prefix_path')
[44.027s] INFO:colcon.colcon_core.shell:Creating environment descriptor '/home/daniel/controlador_multiples/install/controlador_multiples/share/controlador_multiples/hook/cmake_prefix_path.dsv'
[44.028s] INFO:colcon.colcon_core.shell:Creating environment hook '/home/daniel/controlador_multiples/install/controlador_multiples/share/controlador_multiples/hook/cmake_prefix_path.sh'
[44.029s] Level 1:colcon.colcon_core.environment:checking '/home/daniel/controlador_multiples/install/controlador_multiples/lib'
[44.029s] Level 1:colcon.colcon_core.environment:checking '/home/daniel/controlador_multiples/install/controlador_multiples/bin'
[44.029s] Level 1:colcon.colcon_core.environment:checking '/home/daniel/controlador_multiples/install/controlador_multiples/lib/pkgconfig/controlador_multiples.pc'
[44.030s] Level 1:colcon.colcon_core.environment:checking '/home/daniel/controlador_multiples/install/controlador_multiples/lib/python3.12/site-packages'
[44.031s] Level 1:colcon.colcon_core.environment:checking '/home/daniel/controlador_multiples/install/controlador_multiples/bin'
[44.031s] INFO:colcon.colcon_core.shell:Creating package descriptor '/home/daniel/controlador_multiples/install/controlador_multiples/share/controlador_multiples/package.dsv'
[44.032s] INFO:colcon.colcon_core.shell:Creating package script '/home/daniel/controlador_multiples/install/controlador_multiples/share/controlador_multiples/package.sh'
[44.033s] INFO:colcon.colcon_core.shell:Creating package script '/home/daniel/controlador_multiples/install/controlador_multiples/share/controlador_multiples/package.bash'
[44.034s] INFO:colcon.colcon_core.shell:Creating package script '/home/daniel/controlador_multiples/install/controlador_multiples/share/controlador_multiples/package.zsh'
[44.035s] Level 1:colcon.colcon_core.environment:create_file_with_runtime_dependencies(/home/daniel/controlador_multiples/install/controlador_multiples/share/colcon-core/packages/controlador_multiples)
[44.036s] DEBUG:colcon.colcon_parallel_executor.executor.parallel:closing loop
[44.037s] DEBUG:colcon.colcon_parallel_executor.executor.parallel:loop closed
[44.037s] DEBUG:colcon.colcon_parallel_executor.executor.parallel:run_until_complete finished with '0'
[44.037s] DEBUG:colcon.colcon_core.event_reactor:joining thread
[44.054s] INFO:colcon.colcon_core.plugin_system:Skipping extension 'colcon_notification.desktop_notification.terminal_notifier': Not used on non-Darwin systems
[44.055s] INFO:colcon.colcon_core.plugin_system:Skipping extension 'colcon_notification.desktop_notification.win32': Not used on non-Windows systems
[44.055s] INFO:colcon.colcon_notification.desktop_notification:Sending desktop notification using 'notify2'
[44.092s] DEBUG:colcon.colcon_core.event_reactor:joined thread
[44.093s] INFO:colcon.colcon_core.shell:Creating prefix script '/home/daniel/controlador_multiples/install/local_setup.sh'
[44.096s] INFO:colcon.colcon_core.shell:Creating prefix util module '/home/daniel/controlador_multiples/install/_local_setup_util_sh.py'
[44.102s] INFO:colcon.colcon_core.shell:Creating prefix chain script '/home/daniel/controlador_multiples/install/setup.sh'
[44.105s] INFO:colcon.colcon_core.shell:Creating prefix script '/home/daniel/controlador_multiples/install/local_setup.bash'
[44.106s] INFO:colcon.colcon_core.shell:Creating prefix chain script '/home/daniel/controlador_multiples/install/setup.bash'
[44.109s] INFO:colcon.colcon_core.shell:Creating prefix script '/home/daniel/controlador_multiples/install/local_setup.zsh'
[44.110s] INFO:colcon.colcon_core.shell:Creating prefix chain script '/home/daniel/controlador_multiples/install/setup.zsh'
