[0.022s] Invoking command in '/home/daniel/controlador_multiples/build/controlador_multiples': CMAKE_PREFIX_PATH=${CMAKE_PREFIX_PATH}:/home/daniel/danbot_v1_ws/install/controlador_motores_v2:/home/daniel/danbot_v1_ws/install/controlador_motores_v1:/home/daniel/danbot_v1_ws/install/cinematica_v1:/opt/ros/jazzy DEBUGINFOD_URLS=https://debuginfod.ubuntu.com /usr/bin/cmake /home/daniel/controlador_multiples -DAMENT_CMAKE_SYMLINK_INSTALL=1 -DCMAKE_INSTALL_PREFIX=/home/daniel/controlador_multiples/install/controlador_multiples
[0.149s] -- The C compiler identification is GNU 13.3.0
[0.252s] -- The CXX compiler identification is GNU 13.3.0
[0.276s] -- Detecting C compiler ABI info
[0.409s] -- Detecting C compiler ABI info - done
[0.428s] -- Check for working C compiler: /usr/bin/cc - skipped
[0.428s] -- Detecting C compile features
[0.430s] -- Detecting C compile features - done
[0.444s] -- Detecting CXX compiler ABI info
[0.598s] -- Detecting CXX compiler ABI info - done
[0.623s] -- Check for working CXX compiler: /usr/bin/c++ - skipped
[0.624s] -- Detecting CXX compile features
[0.624s] -- Detecting CXX compile features - done
[0.638s] -- Found ament_cmake: 2.5.4 (/opt/ros/jazzy/share/ament_cmake/cmake)
[0.879s] -- Found Python3: /home/daniel/miniconda3/bin/python3 (found version "3.12.2") found components: Interpreter 
[0.998s] -- Override CMake install command with custom implementation using symlinks instead of copying resources
[1.109s] -- Found rclcpp: 28.1.12 (/opt/ros/jazzy/share/rclcpp/cmake)
[1.211s] -- Found rosidl_generator_c: 4.6.6 (/opt/ros/jazzy/share/rosidl_generator_c/cmake)
[1.243s] -- Found rosidl_generator_cpp: 4.6.6 (/opt/ros/jazzy/share/rosidl_generator_cpp/cmake)
[1.278s] -- Using all available rosidl_typesupport_c: rosidl_typesupport_fastrtps_c;rosidl_typesupport_introspection_c
[1.318s] -- Using all available rosidl_typesupport_cpp: rosidl_typesupport_fastrtps_cpp;rosidl_typesupport_introspection_cpp
[1.506s] -- Found rmw_implementation_cmake: 7.3.2 (/opt/ros/jazzy/share/rmw_implementation_cmake/cmake)
[1.517s] -- Found rmw_fastrtps_cpp: 8.4.3 (/opt/ros/jazzy/share/rmw_fastrtps_cpp/cmake)
[1.690s] -- Found OpenSSL: /usr/lib/x86_64-linux-gnu/libcrypto.so (found version "3.0.13")  
[1.732s] -- Found FastRTPS: /opt/ros/jazzy/include (Required is at least version "2.13") 
[1.773s] -- Using RMW implementation 'rmw_fastrtps_cpp' as default
[1.936s] -- Found rclcpp_action: 28.1.12 (/opt/ros/jazzy/share/rclcpp_action/cmake)
[2.034s] -- Found geometry_msgs: 5.3.6 (/opt/ros/jazzy/share/geometry_msgs/cmake)
[2.105s] -- Found nav_msgs: 5.3.6 (/opt/ros/jazzy/share/nav_msgs/cmake)
[2.163s] -- Found nav2_msgs: 1.3.9 (/opt/ros/jazzy/share/nav2_msgs/cmake)
[2.349s] -- Found std_srvs: 5.3.6 (/opt/ros/jazzy/share/std_srvs/cmake)
[2.388s] -- Found tf2: 0.36.14 (/opt/ros/jazzy/share/tf2/cmake)
[2.399s] -- Found tf2_ros: 0.36.14 (/opt/ros/jazzy/share/tf2_ros/cmake)
[2.571s] -- Found tf2_geometry_msgs: 0.36.14 (/opt/ros/jazzy/share/tf2_geometry_msgs/cmake)
[2.609s] -- Found eigen3_cmake_module: 0.3.0 (/opt/ros/jazzy/share/eigen3_cmake_module/cmake)
[2.610s] -- Found Eigen3: TRUE (found version "3.4.0") 
[2.611s] -- Ensuring Eigen3 include directory is part of orocos-kdl CMake target
[2.632s] -- Found ament_lint_auto: 0.17.3 (/opt/ros/jazzy/share/ament_lint_auto/cmake)
[2.813s] -- Added test 'copyright' to check source files copyright and LICENSE
[2.819s] -- Added test 'cppcheck' to perform static code analysis on C / C++ code
[2.820s] -- Configured cppcheck include dirs: $<BUILD_INTERFACE:/home/daniel/controlador_multiples/include>
[2.820s] -- Configured cppcheck exclude dirs and/or files: 
[2.824s] -- Added test 'lint_cmake' to check CMake code style
[2.831s] -- Added test 'uncrustify' to check C / C++ code style
[2.831s] -- Configured uncrustify additional arguments: 
[2.833s] -- Added test 'xmllint' to check XML markup files
[2.838s] -- Configuring done (2.8s)
[2.861s] -- Generating done (0.0s)
[2.868s] -- Build files have been written to: /home/daniel/controlador_multiples/build/controlador_multiples
[2.885s] Invoked command in '/home/daniel/controlador_multiples/build/controlador_multiples' returned '0': CMAKE_PREFIX_PATH=${CMAKE_PREFIX_PATH}:/home/daniel/danbot_v1_ws/install/controlador_motores_v2:/home/daniel/danbot_v1_ws/install/controlador_motores_v1:/home/daniel/danbot_v1_ws/install/cinematica_v1:/opt/ros/jazzy DEBUGINFOD_URLS=https://debuginfod.ubuntu.com /usr/bin/cmake /home/daniel/controlador_multiples -DAMENT_CMAKE_SYMLINK_INSTALL=1 -DCMAKE_INSTALL_PREFIX=/home/daniel/controlador_multiples/install/controlador_multiples
[2.886s] Invoking command in '/home/daniel/controlador_multiples/build/controlador_multiples': CMAKE_PREFIX_PATH=${CMAKE_PREFIX_PATH}:/home/daniel/danbot_v1_ws/install/controlador_motores_v2:/home/daniel/danbot_v1_ws/install/controlador_motores_v1:/home/daniel/danbot_v1_ws/install/cinematica_v1:/opt/ros/jazzy DEBUGINFOD_URLS=https://debuginfod.ubuntu.com /usr/bin/cmake --build /home/daniel/controlador_multiples/build/controlador_multiples -- -j4 -l4
[2.961s] [ 50%] [32mBuilding CXX object CMakeFiles/controlador_multiple.dir/src/controlador_multiple.cpp.o[0m
[25.043s] [100%] [32m[1mLinking CXX executable controlador_multiple[0m
[26.381s] [100%] Built target controlador_multiple
[26.395s] Invoked command in '/home/daniel/controlador_multiples/build/controlador_multiples' returned '0': CMAKE_PREFIX_PATH=${CMAKE_PREFIX_PATH}:/home/daniel/danbot_v1_ws/install/controlador_motores_v2:/home/daniel/danbot_v1_ws/install/controlador_motores_v1:/home/daniel/danbot_v1_ws/install/cinematica_v1:/opt/ros/jazzy DEBUGINFOD_URLS=https://debuginfod.ubuntu.com /usr/bin/cmake --build /home/daniel/controlador_multiples/build/controlador_multiples -- -j4 -l4
[26.408s] Invoking command in '/home/daniel/controlador_multiples/build/controlador_multiples': CMAKE_PREFIX_PATH=${CMAKE_PREFIX_PATH}:/home/daniel/danbot_v1_ws/install/controlador_motores_v2:/home/daniel/danbot_v1_ws/install/controlador_motores_v1:/home/daniel/danbot_v1_ws/install/cinematica_v1:/opt/ros/jazzy DEBUGINFOD_URLS=https://debuginfod.ubuntu.com /usr/bin/cmake --install /home/daniel/controlador_multiples/build/controlador_multiples
[26.419s] -- Install configuration: ""
[26.420s] -- Execute custom install script
[26.421s] -- Symlinking: /home/daniel/controlador_multiples/install/controlador_multiples/lib/controlador_multiples/controlador_multiple
[26.433s] [31mCMake Error at ament_cmake_symlink_install/ament_cmake_symlink_install.cmake:100 (message):
[26.433s]   ament_cmake_symlink_install_directory() can't find
[26.434s]   '/home/daniel/controlador_multiples/launch'
[26.434s] Call Stack (most recent call first):
[26.434s]   ament_cmake_symlink_install/ament_cmake_symlink_install.cmake:317 (ament_cmake_symlink_install_directory)
[26.434s]   cmake_install.cmake:46 (include)
[26.434s] 
[26.434s] [0m
[26.435s] Invoked command in '/home/daniel/controlador_multiples/build/controlador_multiples' returned '1': CMAKE_PREFIX_PATH=${CMAKE_PREFIX_PATH}:/home/daniel/danbot_v1_ws/install/controlador_motores_v2:/home/daniel/danbot_v1_ws/install/controlador_motores_v1:/home/daniel/danbot_v1_ws/install/cinematica_v1:/opt/ros/jazzy DEBUGINFOD_URLS=https://debuginfod.ubuntu.com /usr/bin/cmake --install /home/daniel/controlador_multiples/build/controlador_multiples
