[0.225s] Invoking command in '/home/daniel/controlador_multiples/build/controlador_multiples': CMAKE_PREFIX_PATH=${CMAKE_PREFIX_PATH}:/home/daniel/danbot_v1_ws/install/controlador_motores_v2:/home/daniel/danbot_v1_ws/install/controlador_motores_v1:/home/daniel/danbot_v1_ws/install/cinematica_v1:/opt/ros/jazzy DEBUGINFOD_URLS=https://debuginfod.ubuntu.com /usr/bin/cmake --build /home/daniel/controlador_multiples/build/controlador_multiples -- -j4 -l4
[0.896s] [ 50%] [32mBuilding CXX object CMakeFiles/controlador_multiple.dir/src/controlador_multiple.cpp.o[0m
[40.734s] [100%] [32m[1mLinking CXX executable controlador_multiple[0m
[43.003s] [100%] Built target controlador_multiple
[43.035s] Invoked command in '/home/daniel/controlador_multiples/build/controlador_multiples' returned '0': CMAKE_PREFIX_PATH=${CMAKE_PREFIX_PATH}:/home/daniel/danbot_v1_ws/install/controlador_motores_v2:/home/daniel/danbot_v1_ws/install/controlador_motores_v1:/home/daniel/danbot_v1_ws/install/cinematica_v1:/opt/ros/jazzy DEBUGINFOD_URLS=https://debuginfod.ubuntu.com /usr/bin/cmake --build /home/daniel/controlador_multiples/build/controlador_multiples -- -j4 -l4
[43.061s] Invoking command in '/home/daniel/controlador_multiples/build/controlador_multiples': CMAKE_PREFIX_PATH=${CMAKE_PREFIX_PATH}:/home/daniel/danbot_v1_ws/install/controlador_motores_v2:/home/daniel/danbot_v1_ws/install/controlador_motores_v1:/home/daniel/danbot_v1_ws/install/cinematica_v1:/opt/ros/jazzy DEBUGINFOD_URLS=https://debuginfod.ubuntu.com /usr/bin/cmake --install /home/daniel/controlador_multiples/build/controlador_multiples
[43.074s] -- Install configuration: ""
[43.076s] -- Execute custom install script
[43.077s] -- Up-to-date symlink: /home/daniel/controlador_multiples/install/controlador_multiples/lib/controlador_multiples/controlador_multiple
[43.080s] -- Up-to-date symlink: /home/daniel/controlador_multiples/install/controlador_multiples/share/ament_index/resource_index/package_run_dependencies/controlador_multiples
[43.081s] -- Up-to-date symlink: /home/daniel/controlador_multiples/install/controlador_multiples/share/ament_index/resource_index/parent_prefix_path/controlador_multiples
[43.082s] -- Up-to-date symlink: /home/daniel/controlador_multiples/install/controlador_multiples/share/controlador_multiples/environment/ament_prefix_path.sh
[43.082s] -- Up-to-date symlink: /home/daniel/controlador_multiples/install/controlador_multiples/share/controlador_multiples/environment/ament_prefix_path.dsv
[43.082s] -- Up-to-date symlink: /home/daniel/controlador_multiples/install/controlador_multiples/share/controlador_multiples/environment/path.sh
[43.082s] -- Up-to-date symlink: /home/daniel/controlador_multiples/install/controlador_multiples/share/controlador_multiples/environment/path.dsv
[43.082s] -- Up-to-date symlink: /home/daniel/controlador_multiples/install/controlador_multiples/share/controlador_multiples/local_setup.bash
[43.084s] -- Up-to-date symlink: /home/daniel/controlador_multiples/install/controlador_multiples/share/controlador_multiples/local_setup.sh
[43.085s] -- Up-to-date symlink: /home/daniel/controlador_multiples/install/controlador_multiples/share/controlador_multiples/local_setup.zsh
[43.087s] -- Up-to-date symlink: /home/daniel/controlador_multiples/install/controlador_multiples/share/controlador_multiples/local_setup.dsv
[43.087s] -- Symlinking: /home/daniel/controlador_multiples/install/controlador_multiples/share/controlador_multiples/package.dsv
[43.102s] -- Up-to-date symlink: /home/daniel/controlador_multiples/install/controlador_multiples/share/ament_index/resource_index/packages/controlador_multiples
[43.102s] -- Up-to-date symlink: /home/daniel/controlador_multiples/install/controlador_multiples/share/controlador_multiples/cmake/controlador_multiplesConfig.cmake
[43.104s] -- Up-to-date symlink: /home/daniel/controlador_multiples/install/controlador_multiples/share/controlador_multiples/cmake/controlador_multiplesConfig-version.cmake
[43.104s] -- Up-to-date symlink: /home/daniel/controlador_multiples/install/controlador_multiples/share/controlador_multiples/package.xml
[43.106s] Invoked command in '/home/daniel/controlador_multiples/build/controlador_multiples' returned '0': CMAKE_PREFIX_PATH=${CMAKE_PREFIX_PATH}:/home/daniel/danbot_v1_ws/install/controlador_motores_v2:/home/daniel/danbot_v1_ws/install/controlador_motores_v1:/home/daniel/danbot_v1_ws/install/cinematica_v1:/opt/ros/jazzy DEBUGINFOD_URLS=https://debuginfod.ubuntu.com /usr/bin/cmake --install /home/daniel/controlador_multiples/build/controlador_multiples
