[0.017s] Invoking command in '/home/daniel/controlador_multiples/build/controlador_multiples': CMAKE_PREFIX_PATH=${CMAKE_PREFIX_PATH}:/home/daniel/danbot_v1_ws/install/controlador_motores_v2:/home/daniel/danbot_v1_ws/install/controlador_motores_v1:/home/daniel/danbot_v1_ws/install/cinematica_v1:/opt/ros/jazzy DEBUGINFOD_URLS=https://debuginfod.ubuntu.com /usr/bin/cmake --build /home/daniel/controlador_multiples/build/controlador_multiples -- -j4 -l4
[0.099s] [ 50%] [32mBuilding CXX object CMakeFiles/controlador_multiple.dir/src/controlador_multiple.cpp.o[0m
[23.598s] [100%] [32m[1mLinking CXX executable controlador_multiple[0m
[25.029s] [100%] Built target controlador_multiple
[25.043s] Invoked command in '/home/daniel/controlador_multiples/build/controlador_multiples' returned '0': CMAKE_PREFIX_PATH=${CMAKE_PREFIX_PATH}:/home/daniel/danbot_v1_ws/install/controlador_motores_v2:/home/daniel/danbot_v1_ws/install/controlador_motores_v1:/home/daniel/danbot_v1_ws/install/cinematica_v1:/opt/ros/jazzy DEBUGINFOD_URLS=https://debuginfod.ubuntu.com /usr/bin/cmake --build /home/daniel/controlador_multiples/build/controlador_multiples -- -j4 -l4
[25.055s] Invoking command in '/home/daniel/controlador_multiples/build/controlador_multiples': CMAKE_PREFIX_PATH=${CMAKE_PREFIX_PATH}:/home/daniel/danbot_v1_ws/install/controlador_motores_v2:/home/daniel/danbot_v1_ws/install/controlador_motores_v1:/home/daniel/danbot_v1_ws/install/cinematica_v1:/opt/ros/jazzy DEBUGINFOD_URLS=https://debuginfod.ubuntu.com /usr/bin/cmake --install /home/daniel/controlador_multiples/build/controlador_multiples
[25.066s] -- Install configuration: ""
[25.066s] -- Execute custom install script
[25.066s] -- Up-to-date symlink: /home/daniel/controlador_multiples/install/controlador_multiples/lib/controlador_multiples/controlador_multiple
[25.067s] -- Up-to-date symlink: /home/daniel/controlador_multiples/install/controlador_multiples/share/ament_index/resource_index/package_run_dependencies/controlador_multiples
[25.067s] -- Up-to-date symlink: /home/daniel/controlador_multiples/install/controlador_multiples/share/ament_index/resource_index/parent_prefix_path/controlador_multiples
[25.067s] -- Up-to-date symlink: /home/daniel/controlador_multiples/install/controlador_multiples/share/controlador_multiples/environment/ament_prefix_path.sh
[25.067s] -- Up-to-date symlink: /home/daniel/controlador_multiples/install/controlador_multiples/share/controlador_multiples/environment/ament_prefix_path.dsv
[25.068s] -- Up-to-date symlink: /home/daniel/controlador_multiples/install/controlador_multiples/share/controlador_multiples/environment/path.sh
[25.068s] -- Up-to-date symlink: /home/daniel/controlador_multiples/install/controlador_multiples/share/controlador_multiples/environment/path.dsv
[25.068s] -- Up-to-date symlink: /home/daniel/controlador_multiples/install/controlador_multiples/share/controlador_multiples/local_setup.bash
[25.068s] -- Up-to-date symlink: /home/daniel/controlador_multiples/install/controlador_multiples/share/controlador_multiples/local_setup.sh
[25.068s] -- Up-to-date symlink: /home/daniel/controlador_multiples/install/controlador_multiples/share/controlador_multiples/local_setup.zsh
[25.068s] -- Up-to-date symlink: /home/daniel/controlador_multiples/install/controlador_multiples/share/controlador_multiples/local_setup.dsv
[25.069s] -- Symlinking: /home/daniel/controlador_multiples/install/controlador_multiples/share/controlador_multiples/package.dsv
[25.080s] -- Up-to-date symlink: /home/daniel/controlador_multiples/install/controlador_multiples/share/ament_index/resource_index/packages/controlador_multiples
[25.081s] -- Up-to-date symlink: /home/daniel/controlador_multiples/install/controlador_multiples/share/controlador_multiples/cmake/controlador_multiplesConfig.cmake
[25.081s] -- Up-to-date symlink: /home/daniel/controlador_multiples/install/controlador_multiples/share/controlador_multiples/cmake/controlador_multiplesConfig-version.cmake
[25.081s] -- Up-to-date symlink: /home/daniel/controlador_multiples/install/controlador_multiples/share/controlador_multiples/package.xml
[25.083s] Invoked command in '/home/daniel/controlador_multiples/build/controlador_multiples' returned '0': CMAKE_PREFIX_PATH=${CMAKE_PREFIX_PATH}:/home/daniel/danbot_v1_ws/install/controlador_motores_v2:/home/daniel/danbot_v1_ws/install/controlador_motores_v1:/home/daniel/danbot_v1_ws/install/cinematica_v1:/opt/ros/jazzy DEBUGINFOD_URLS=https://debuginfod.ubuntu.com /usr/bin/cmake --install /home/daniel/controlador_multiples/build/controlador_multiples
