[0.452s] DEBUG:colcon:Command line arguments: ['/usr/bin/colcon', 'build', '--symlink-install']
[0.452s] DEBUG:colcon:Parsed command line arguments: Namespace(log_base=None, log_level=None, verb_name='build', build_base='build', install_base='install', merge_install=False, symlink_install=True, test_result_base=None, continue_on_error=False, executor='parallel', parallel_workers=4, event_handlers=None, ignore_user_meta=False, metas=['./colcon.meta'], base_paths=['.'], packages_ignore=None, packages_ignore_regex=None, paths=None, packages_up_to=None, packages_up_to_regex=None, packages_above=None, packages_above_and_dependencies=None, packages_above_depth=None, packages_select_by_dep=None, packages_skip_by_dep=None, packages_skip_up_to=None, packages_select_build_failed=False, packages_skip_build_finished=False, packages_select_test_failures=False, packages_skip_test_passed=False, packages_select=None, packages_skip=None, packages_select_regex=None, packages_skip_regex=None, packages_start=None, packages_end=None, cmake_args=None, cmake_target=None, cmake_target_skip_unavailable=False, cmake_clean_cache=False, cmake_clean_first=False, cmake_force_configure=False, ament_cmake_args=None, catkin_cmake_args=None, catkin_skip_building_tests=False, verb_parser=<colcon_defaults.argument_parser.defaults.DefaultArgumentsDecorator object at 0x7b7d11f03470>, verb_extension=<colcon_core.verb.build.BuildVerb object at 0x7b7d11f031d0>, main=<bound method BuildVerb.main of <colcon_core.verb.build.BuildVerb object at 0x7b7d11f031d0>>)
[0.823s] Level 1:colcon.colcon_core.package_discovery:discover_packages(colcon_meta) check parameters
[0.823s] Level 1:colcon.colcon_core.package_discovery:discover_packages(recursive) check parameters
[0.823s] Level 1:colcon.colcon_core.package_discovery:discover_packages(ignore) check parameters
[0.823s] Level 1:colcon.colcon_core.package_discovery:discover_packages(path) check parameters
[0.823s] Level 1:colcon.colcon_core.package_discovery:discover_packages(colcon_meta) discover
[0.824s] Level 1:colcon.colcon_core.package_discovery:discover_packages(recursive) discover
[0.825s] INFO:colcon.colcon_core.package_discovery:Crawling recursively for packages in '/home/daniel/controlador_multiples'
[0.825s] Level 1:colcon.colcon_core.package_identification:_identify(.) by extensions ['ignore', 'ignore_ament_install']
[0.826s] Level 1:colcon.colcon_core.package_identification:_identify(.) by extension 'ignore'
[0.826s] Level 1:colcon.colcon_core.package_identification:_identify(.) by extension 'ignore_ament_install'
[0.826s] Level 1:colcon.colcon_core.package_identification:_identify(.) by extensions ['colcon_pkg']
[0.826s] Level 1:colcon.colcon_core.package_identification:_identify(.) by extension 'colcon_pkg'
[0.827s] Level 1:colcon.colcon_core.package_identification:_identify(.) by extensions ['colcon_meta']
[0.827s] Level 1:colcon.colcon_core.package_identification:_identify(.) by extension 'colcon_meta'
[0.827s] Level 1:colcon.colcon_core.package_identification:_identify(.) by extensions ['ros']
[0.827s] Level 1:colcon.colcon_core.package_identification:_identify(.) by extension 'ros'
[0.951s] DEBUG:colcon.colcon_core.package_identification:Package '.' with type 'ros.ament_cmake' and name 'controlador_multiples'
[0.951s] Level 1:colcon.colcon_core.package_discovery:discover_packages(recursive) using defaults
[0.951s] Level 1:colcon.colcon_core.package_discovery:discover_packages(ignore) discover
[0.951s] Level 1:colcon.colcon_core.package_discovery:discover_packages(ignore) using defaults
[0.951s] Level 1:colcon.colcon_core.package_discovery:discover_packages(path) discover
[0.951s] Level 1:colcon.colcon_core.package_discovery:discover_packages(path) using defaults
[1.138s] Level 5:colcon.colcon_core.verb:set package 'controlador_multiples' build argument 'cmake_args' from command line to 'None'
[1.138s] Level 5:colcon.colcon_core.verb:set package 'controlador_multiples' build argument 'cmake_target' from command line to 'None'
[1.138s] Level 5:colcon.colcon_core.verb:set package 'controlador_multiples' build argument 'cmake_target_skip_unavailable' from command line to 'False'
[1.139s] Level 5:colcon.colcon_core.verb:set package 'controlador_multiples' build argument 'cmake_clean_cache' from command line to 'False'
[1.139s] Level 5:colcon.colcon_core.verb:set package 'controlador_multiples' build argument 'cmake_clean_first' from command line to 'False'
[1.139s] Level 5:colcon.colcon_core.verb:set package 'controlador_multiples' build argument 'cmake_force_configure' from command line to 'False'
[1.139s] Level 5:colcon.colcon_core.verb:set package 'controlador_multiples' build argument 'ament_cmake_args' from command line to 'None'
[1.139s] Level 5:colcon.colcon_core.verb:set package 'controlador_multiples' build argument 'catkin_cmake_args' from command line to 'None'
[1.139s] Level 5:colcon.colcon_core.verb:set package 'controlador_multiples' build argument 'catkin_skip_building_tests' from command line to 'False'
[1.139s] DEBUG:colcon.colcon_core.verb:Building package 'controlador_multiples' with the following arguments: {'ament_cmake_args': None, 'build_base': '/home/daniel/controlador_multiples/build/controlador_multiples', 'catkin_cmake_args': None, 'catkin_skip_building_tests': False, 'cmake_args': None, 'cmake_clean_cache': False, 'cmake_clean_first': False, 'cmake_force_configure': False, 'cmake_target': None, 'cmake_target_skip_unavailable': False, 'install_base': '/home/daniel/controlador_multiples/install/controlador_multiples', 'merge_install': False, 'path': '/home/daniel/controlador_multiples', 'symlink_install': True, 'test_result_base': None}
[1.140s] INFO:colcon.colcon_core.executor:Executing jobs using 'parallel' executor
[1.144s] DEBUG:colcon.colcon_parallel_executor.executor.parallel:run_until_complete
[1.144s] INFO:colcon.colcon_ros.task.ament_cmake.build:Building ROS package in '/home/daniel/controlador_multiples' with build type 'ament_cmake'
[1.145s] INFO:colcon.colcon_cmake.task.cmake.build:Building CMake package in '/home/daniel/controlador_multiples'
[1.190s] INFO:colcon.colcon_core.plugin_system:Skipping extension 'colcon_core.shell.bat': Not used on non-Windows systems
[1.193s] DEBUG:colcon.colcon_core.shell:Skip shell extension 'dsv' for command environment
[1.373s] DEBUG:colcon.colcon_core.event_handler.log_command:Invoking command in '/home/daniel/controlador_multiples/build/controlador_multiples': CMAKE_PREFIX_PATH=${CMAKE_PREFIX_PATH}:/home/daniel/danbot_v1_ws/install/controlador_motores_v2:/home/daniel/danbot_v1_ws/install/controlador_motores_v1:/home/daniel/danbot_v1_ws/install/cinematica_v1:/opt/ros/jazzy DEBUGINFOD_URLS=https://debuginfod.ubuntu.com /usr/bin/cmake --build /home/daniel/controlador_multiples/build/controlador_multiples -- -j4 -l4
[44.181s] DEBUG:colcon.colcon_core.event_handler.log_command:Invoked command in '/home/daniel/controlador_multiples/build/controlador_multiples' returned '0': CMAKE_PREFIX_PATH=${CMAKE_PREFIX_PATH}:/home/daniel/danbot_v1_ws/install/controlador_motores_v2:/home/daniel/danbot_v1_ws/install/controlador_motores_v1:/home/daniel/danbot_v1_ws/install/cinematica_v1:/opt/ros/jazzy DEBUGINFOD_URLS=https://debuginfod.ubuntu.com /usr/bin/cmake --build /home/daniel/controlador_multiples/build/controlador_multiples -- -j4 -l4
[44.206s] DEBUG:colcon.colcon_core.event_handler.log_command:Invoking command in '/home/daniel/controlador_multiples/build/controlador_multiples': CMAKE_PREFIX_PATH=${CMAKE_PREFIX_PATH}:/home/daniel/danbot_v1_ws/install/controlador_motores_v2:/home/daniel/danbot_v1_ws/install/controlador_motores_v1:/home/daniel/danbot_v1_ws/install/cinematica_v1:/opt/ros/jazzy DEBUGINFOD_URLS=https://debuginfod.ubuntu.com /usr/bin/cmake --install /home/daniel/controlador_multiples/build/controlador_multiples
[44.250s] Level 1:colcon.colcon_core.environment:create_environment_scripts_only(controlador_multiples)
[44.252s] DEBUG:colcon.colcon_core.event_handler.log_command:Invoked command in '/home/daniel/controlador_multiples/build/controlador_multiples' returned '0': CMAKE_PREFIX_PATH=${CMAKE_PREFIX_PATH}:/home/daniel/danbot_v1_ws/install/controlador_motores_v2:/home/daniel/danbot_v1_ws/install/controlador_motores_v1:/home/daniel/danbot_v1_ws/install/cinematica_v1:/opt/ros/jazzy DEBUGINFOD_URLS=https://debuginfod.ubuntu.com /usr/bin/cmake --install /home/daniel/controlador_multiples/build/controlador_multiples
[44.262s] Level 1:colcon.colcon_core.environment:checking '/home/daniel/controlador_multiples/install/controlador_multiples' for CMake module files
[44.265s] Level 1:colcon.colcon_core.environment:checking '/home/daniel/controlador_multiples/install/controlador_multiples' for CMake config files
[44.266s] Level 1:colcon.colcon_core.shell:create_environment_hook('controlador_multiples', 'cmake_prefix_path')
[44.267s] INFO:colcon.colcon_core.shell:Creating environment descriptor '/home/daniel/controlador_multiples/install/controlador_multiples/share/controlador_multiples/hook/cmake_prefix_path.dsv'
[44.269s] INFO:colcon.colcon_core.shell:Creating environment hook '/home/daniel/controlador_multiples/install/controlador_multiples/share/controlador_multiples/hook/cmake_prefix_path.sh'
[44.274s] Level 1:colcon.colcon_core.environment:checking '/home/daniel/controlador_multiples/install/controlador_multiples/lib'
[44.276s] Level 1:colcon.colcon_core.environment:checking '/home/daniel/controlador_multiples/install/controlador_multiples/bin'
[44.276s] Level 1:colcon.colcon_core.environment:checking '/home/daniel/controlador_multiples/install/controlador_multiples/lib/pkgconfig/controlador_multiples.pc'
[44.285s] Level 1:colcon.colcon_core.environment:checking '/home/daniel/controlador_multiples/install/controlador_multiples/lib/python3.12/site-packages'
[44.286s] Level 1:colcon.colcon_core.environment:checking '/home/daniel/controlador_multiples/install/controlador_multiples/bin'
[44.286s] INFO:colcon.colcon_core.shell:Creating package descriptor '/home/daniel/controlador_multiples/install/controlador_multiples/share/controlador_multiples/package.dsv'
[44.288s] INFO:colcon.colcon_core.shell:Creating package script '/home/daniel/controlador_multiples/install/controlador_multiples/share/controlador_multiples/package.sh'
[44.296s] INFO:colcon.colcon_core.shell:Creating package script '/home/daniel/controlador_multiples/install/controlador_multiples/share/controlador_multiples/package.bash'
[44.298s] INFO:colcon.colcon_core.shell:Creating package script '/home/daniel/controlador_multiples/install/controlador_multiples/share/controlador_multiples/package.zsh'
[44.300s] Level 1:colcon.colcon_core.environment:create_file_with_runtime_dependencies(/home/daniel/controlador_multiples/install/controlador_multiples/share/colcon-core/packages/controlador_multiples)
[44.301s] Level 1:colcon.colcon_core.environment:create_environment_scripts_only(controlador_multiples)
[44.301s] Level 1:colcon.colcon_core.environment:checking '/home/daniel/controlador_multiples/install/controlador_multiples' for CMake module files
[44.302s] Level 1:colcon.colcon_core.environment:checking '/home/daniel/controlador_multiples/install/controlador_multiples' for CMake config files
[44.303s] Level 1:colcon.colcon_core.shell:create_environment_hook('controlador_multiples', 'cmake_prefix_path')
[44.303s] INFO:colcon.colcon_core.shell:Creating environment descriptor '/home/daniel/controlador_multiples/install/controlador_multiples/share/controlador_multiples/hook/cmake_prefix_path.dsv'
[44.305s] INFO:colcon.colcon_core.shell:Creating environment hook '/home/daniel/controlador_multiples/install/controlador_multiples/share/controlador_multiples/hook/cmake_prefix_path.sh'
[44.307s] Level 1:colcon.colcon_core.environment:checking '/home/daniel/controlador_multiples/install/controlador_multiples/lib'
[44.308s] Level 1:colcon.colcon_core.environment:checking '/home/daniel/controlador_multiples/install/controlador_multiples/bin'
[44.308s] Level 1:colcon.colcon_core.environment:checking '/home/daniel/controlador_multiples/install/controlador_multiples/lib/pkgconfig/controlador_multiples.pc'
[44.309s] Level 1:colcon.colcon_core.environment:checking '/home/daniel/controlador_multiples/install/controlador_multiples/lib/python3.12/site-packages'
[44.310s] Level 1:colcon.colcon_core.environment:checking '/home/daniel/controlador_multiples/install/controlador_multiples/bin'
[44.311s] INFO:colcon.colcon_core.shell:Creating package descriptor '/home/daniel/controlador_multiples/install/controlador_multiples/share/controlador_multiples/package.dsv'
[44.313s] INFO:colcon.colcon_core.shell:Creating package script '/home/daniel/controlador_multiples/install/controlador_multiples/share/controlador_multiples/package.sh'
[44.315s] INFO:colcon.colcon_core.shell:Creating package script '/home/daniel/controlador_multiples/install/controlador_multiples/share/controlador_multiples/package.bash'
[44.316s] INFO:colcon.colcon_core.shell:Creating package script '/home/daniel/controlador_multiples/install/controlador_multiples/share/controlador_multiples/package.zsh'
[44.317s] Level 1:colcon.colcon_core.environment:create_file_with_runtime_dependencies(/home/daniel/controlador_multiples/install/controlador_multiples/share/colcon-core/packages/controlador_multiples)
[44.319s] DEBUG:colcon.colcon_parallel_executor.executor.parallel:closing loop
[44.319s] DEBUG:colcon.colcon_parallel_executor.executor.parallel:loop closed
[44.320s] DEBUG:colcon.colcon_parallel_executor.executor.parallel:run_until_complete finished with '0'
[44.320s] DEBUG:colcon.colcon_core.event_reactor:joining thread
[44.347s] INFO:colcon.colcon_core.plugin_system:Skipping extension 'colcon_notification.desktop_notification.terminal_notifier': Not used on non-Darwin systems
[44.348s] INFO:colcon.colcon_core.plugin_system:Skipping extension 'colcon_notification.desktop_notification.win32': Not used on non-Windows systems
[44.348s] INFO:colcon.colcon_notification.desktop_notification:Sending desktop notification using 'notify2'
[44.409s] DEBUG:colcon.colcon_core.event_reactor:joined thread
[44.412s] INFO:colcon.colcon_core.shell:Creating prefix script '/home/daniel/controlador_multiples/install/local_setup.sh'
[44.418s] INFO:colcon.colcon_core.shell:Creating prefix util module '/home/daniel/controlador_multiples/install/_local_setup_util_sh.py'
[44.436s] INFO:colcon.colcon_core.shell:Creating prefix chain script '/home/daniel/controlador_multiples/install/setup.sh'
[44.442s] INFO:colcon.colcon_core.shell:Creating prefix script '/home/daniel/controlador_multiples/install/local_setup.bash'
[44.446s] INFO:colcon.colcon_core.shell:Creating prefix chain script '/home/daniel/controlador_multiples/install/setup.bash'
[44.455s] INFO:colcon.colcon_core.shell:Creating prefix script '/home/daniel/controlador_multiples/install/local_setup.zsh'
[44.459s] INFO:colcon.colcon_core.shell:Creating prefix chain script '/home/daniel/controlador_multiples/install/setup.zsh'
