[0.131s] DEBUG:colcon:Command line arguments: ['/usr/bin/colcon', 'build', '--symlink-install']
[0.131s] DEBUG:colcon:Parsed command line arguments: Namespace(log_base=None, log_level=None, verb_name='build', build_base='build', install_base='install', merge_install=False, symlink_install=True, test_result_base=None, continue_on_error=False, executor='parallel', parallel_workers=4, event_handlers=None, ignore_user_meta=False, metas=['./colcon.meta'], base_paths=['.'], packages_ignore=None, packages_ignore_regex=None, paths=None, packages_up_to=None, packages_up_to_regex=None, packages_above=None, packages_above_and_dependencies=None, packages_above_depth=None, packages_select_by_dep=None, packages_skip_by_dep=None, packages_skip_up_to=None, packages_select_build_failed=False, packages_skip_build_finished=False, packages_select_test_failures=False, packages_skip_test_passed=False, packages_select=None, packages_skip=None, packages_select_regex=None, packages_skip_regex=None, packages_start=None, packages_end=None, cmake_args=None, cmake_target=None, cmake_target_skip_unavailable=False, cmake_clean_cache=False, cmake_clean_first=False, cmake_force_configure=False, ament_cmake_args=None, catkin_cmake_args=None, catkin_skip_building_tests=False, verb_parser=<colcon_defaults.argument_parser.defaults.DefaultArgumentsDecorator object at 0x734931d234d0>, verb_extension=<colcon_core.verb.build.BuildVerb object at 0x734931d23350>, main=<bound method BuildVerb.main of <colcon_core.verb.build.BuildVerb object at 0x734931d23350>>)
[0.177s] Level 1:colcon.colcon_core.package_discovery:discover_packages(colcon_meta) check parameters
[0.177s] Level 1:colcon.colcon_core.package_discovery:discover_packages(recursive) check parameters
[0.177s] Level 1:colcon.colcon_core.package_discovery:discover_packages(ignore) check parameters
[0.177s] Level 1:colcon.colcon_core.package_discovery:discover_packages(path) check parameters
[0.177s] Level 1:colcon.colcon_core.package_discovery:discover_packages(colcon_meta) discover
[0.178s] Level 1:colcon.colcon_core.package_discovery:discover_packages(recursive) discover
[0.178s] INFO:colcon.colcon_core.package_discovery:Crawling recursively for packages in '/home/daniel/controlador_multiples'
[0.178s] Level 1:colcon.colcon_core.package_identification:_identify(.) by extensions ['ignore', 'ignore_ament_install']
[0.178s] Level 1:colcon.colcon_core.package_identification:_identify(.) by extension 'ignore'
[0.178s] Level 1:colcon.colcon_core.package_identification:_identify(.) by extension 'ignore_ament_install'
[0.178s] Level 1:colcon.colcon_core.package_identification:_identify(.) by extensions ['colcon_pkg']
[0.178s] Level 1:colcon.colcon_core.package_identification:_identify(.) by extension 'colcon_pkg'
[0.178s] Level 1:colcon.colcon_core.package_identification:_identify(.) by extensions ['colcon_meta']
[0.178s] Level 1:colcon.colcon_core.package_identification:_identify(.) by extension 'colcon_meta'
[0.178s] Level 1:colcon.colcon_core.package_identification:_identify(.) by extensions ['ros']
[0.178s] Level 1:colcon.colcon_core.package_identification:_identify(.) by extension 'ros'
[0.214s] DEBUG:colcon.colcon_core.package_identification:Package '.' with type 'ros.ament_cmake' and name 'controlador_multiples'
[0.214s] Level 1:colcon.colcon_core.package_discovery:discover_packages(recursive) using defaults
[0.214s] Level 1:colcon.colcon_core.package_discovery:discover_packages(ignore) discover
[0.214s] Level 1:colcon.colcon_core.package_discovery:discover_packages(ignore) using defaults
[0.214s] Level 1:colcon.colcon_core.package_discovery:discover_packages(path) discover
[0.214s] Level 1:colcon.colcon_core.package_discovery:discover_packages(path) using defaults
[0.236s] Level 5:colcon.colcon_core.verb:set package 'controlador_multiples' build argument 'cmake_args' from command line to 'None'
[0.236s] Level 5:colcon.colcon_core.verb:set package 'controlador_multiples' build argument 'cmake_target' from command line to 'None'
[0.236s] Level 5:colcon.colcon_core.verb:set package 'controlador_multiples' build argument 'cmake_target_skip_unavailable' from command line to 'False'
[0.236s] Level 5:colcon.colcon_core.verb:set package 'controlador_multiples' build argument 'cmake_clean_cache' from command line to 'False'
[0.236s] Level 5:colcon.colcon_core.verb:set package 'controlador_multiples' build argument 'cmake_clean_first' from command line to 'False'
[0.236s] Level 5:colcon.colcon_core.verb:set package 'controlador_multiples' build argument 'cmake_force_configure' from command line to 'False'
[0.236s] Level 5:colcon.colcon_core.verb:set package 'controlador_multiples' build argument 'ament_cmake_args' from command line to 'None'
[0.236s] Level 5:colcon.colcon_core.verb:set package 'controlador_multiples' build argument 'catkin_cmake_args' from command line to 'None'
[0.237s] Level 5:colcon.colcon_core.verb:set package 'controlador_multiples' build argument 'catkin_skip_building_tests' from command line to 'False'
[0.237s] DEBUG:colcon.colcon_core.verb:Building package 'controlador_multiples' with the following arguments: {'ament_cmake_args': None, 'build_base': '/home/daniel/controlador_multiples/build/controlador_multiples', 'catkin_cmake_args': None, 'catkin_skip_building_tests': False, 'cmake_args': None, 'cmake_clean_cache': False, 'cmake_clean_first': False, 'cmake_force_configure': False, 'cmake_target': None, 'cmake_target_skip_unavailable': False, 'install_base': '/home/daniel/controlador_multiples/install/controlador_multiples', 'merge_install': False, 'path': '/home/daniel/controlador_multiples', 'symlink_install': True, 'test_result_base': None}
[0.237s] INFO:colcon.colcon_core.executor:Executing jobs using 'parallel' executor
[0.238s] DEBUG:colcon.colcon_parallel_executor.executor.parallel:run_until_complete
[0.238s] INFO:colcon.colcon_ros.task.ament_cmake.build:Building ROS package in '/home/daniel/controlador_multiples' with build type 'ament_cmake'
[0.238s] INFO:colcon.colcon_cmake.task.cmake.build:Building CMake package in '/home/daniel/controlador_multiples'
[0.241s] INFO:colcon.colcon_core.plugin_system:Skipping extension 'colcon_core.shell.bat': Not used on non-Windows systems
[0.241s] DEBUG:colcon.colcon_core.shell:Skip shell extension 'dsv' for command environment
[0.258s] DEBUG:colcon.colcon_core.event_handler.log_command:Invoking command in '/home/daniel/controlador_multiples/build/controlador_multiples': CMAKE_PREFIX_PATH=${CMAKE_PREFIX_PATH}:/home/daniel/danbot_v1_ws/install/controlador_motores_v2:/home/daniel/danbot_v1_ws/install/controlador_motores_v1:/home/daniel/danbot_v1_ws/install/cinematica_v1:/opt/ros/jazzy DEBUGINFOD_URLS=https://debuginfod.ubuntu.com /usr/bin/cmake --build /home/daniel/controlador_multiples/build/controlador_multiples -- -j4 -l4
[28.698s] DEBUG:colcon.colcon_core.event_handler.log_command:Invoked command in '/home/daniel/controlador_multiples/build/controlador_multiples' returned '0': CMAKE_PREFIX_PATH=${CMAKE_PREFIX_PATH}:/home/daniel/danbot_v1_ws/install/controlador_motores_v2:/home/daniel/danbot_v1_ws/install/controlador_motores_v1:/home/daniel/danbot_v1_ws/install/cinematica_v1:/opt/ros/jazzy DEBUGINFOD_URLS=https://debuginfod.ubuntu.com /usr/bin/cmake --build /home/daniel/controlador_multiples/build/controlador_multiples -- -j4 -l4
[28.711s] DEBUG:colcon.colcon_core.event_handler.log_command:Invoking command in '/home/daniel/controlador_multiples/build/controlador_multiples': CMAKE_PREFIX_PATH=${CMAKE_PREFIX_PATH}:/home/daniel/danbot_v1_ws/install/controlador_motores_v2:/home/daniel/danbot_v1_ws/install/controlador_motores_v1:/home/daniel/danbot_v1_ws/install/cinematica_v1:/opt/ros/jazzy DEBUGINFOD_URLS=https://debuginfod.ubuntu.com /usr/bin/cmake --install /home/daniel/controlador_multiples/build/controlador_multiples
[28.738s] Level 1:colcon.colcon_core.environment:create_environment_scripts_only(controlador_multiples)
[28.739s] DEBUG:colcon.colcon_core.event_handler.log_command:Invoked command in '/home/daniel/controlador_multiples/build/controlador_multiples' returned '0': CMAKE_PREFIX_PATH=${CMAKE_PREFIX_PATH}:/home/daniel/danbot_v1_ws/install/controlador_motores_v2:/home/daniel/danbot_v1_ws/install/controlador_motores_v1:/home/daniel/danbot_v1_ws/install/cinematica_v1:/opt/ros/jazzy DEBUGINFOD_URLS=https://debuginfod.ubuntu.com /usr/bin/cmake --install /home/daniel/controlador_multiples/build/controlador_multiples
[28.741s] Level 1:colcon.colcon_core.environment:checking '/home/daniel/controlador_multiples/install/controlador_multiples' for CMake module files
[28.742s] Level 1:colcon.colcon_core.environment:checking '/home/daniel/controlador_multiples/install/controlador_multiples' for CMake config files
[28.743s] Level 1:colcon.colcon_core.shell:create_environment_hook('controlador_multiples', 'cmake_prefix_path')
[28.743s] INFO:colcon.colcon_core.shell:Creating environment descriptor '/home/daniel/controlador_multiples/install/controlador_multiples/share/controlador_multiples/hook/cmake_prefix_path.dsv'
[28.743s] INFO:colcon.colcon_core.shell:Creating environment hook '/home/daniel/controlador_multiples/install/controlador_multiples/share/controlador_multiples/hook/cmake_prefix_path.sh'
[28.744s] Level 1:colcon.colcon_core.environment:checking '/home/daniel/controlador_multiples/install/controlador_multiples/lib'
[28.745s] Level 1:colcon.colcon_core.environment:checking '/home/daniel/controlador_multiples/install/controlador_multiples/bin'
[28.745s] Level 1:colcon.colcon_core.environment:checking '/home/daniel/controlador_multiples/install/controlador_multiples/lib/pkgconfig/controlador_multiples.pc'
[28.747s] Level 1:colcon.colcon_core.environment:checking '/home/daniel/controlador_multiples/install/controlador_multiples/lib/python3.12/site-packages'
[28.747s] Level 1:colcon.colcon_core.environment:checking '/home/daniel/controlador_multiples/install/controlador_multiples/bin'
[28.748s] INFO:colcon.colcon_core.shell:Creating package descriptor '/home/daniel/controlador_multiples/install/controlador_multiples/share/controlador_multiples/package.dsv'
[28.748s] INFO:colcon.colcon_core.shell:Creating package script '/home/daniel/controlador_multiples/install/controlador_multiples/share/controlador_multiples/package.sh'
[28.749s] INFO:colcon.colcon_core.shell:Creating package script '/home/daniel/controlador_multiples/install/controlador_multiples/share/controlador_multiples/package.bash'
[28.750s] INFO:colcon.colcon_core.shell:Creating package script '/home/daniel/controlador_multiples/install/controlador_multiples/share/controlador_multiples/package.zsh'
[28.750s] Level 1:colcon.colcon_core.environment:create_file_with_runtime_dependencies(/home/daniel/controlador_multiples/install/controlador_multiples/share/colcon-core/packages/controlador_multiples)
[28.751s] Level 1:colcon.colcon_core.environment:create_environment_scripts_only(controlador_multiples)
[28.751s] Level 1:colcon.colcon_core.environment:checking '/home/daniel/controlador_multiples/install/controlador_multiples' for CMake module files
[28.752s] Level 1:colcon.colcon_core.environment:checking '/home/daniel/controlador_multiples/install/controlador_multiples' for CMake config files
[28.752s] Level 1:colcon.colcon_core.shell:create_environment_hook('controlador_multiples', 'cmake_prefix_path')
[28.752s] INFO:colcon.colcon_core.shell:Creating environment descriptor '/home/daniel/controlador_multiples/install/controlador_multiples/share/controlador_multiples/hook/cmake_prefix_path.dsv'
[28.753s] INFO:colcon.colcon_core.shell:Creating environment hook '/home/daniel/controlador_multiples/install/controlador_multiples/share/controlador_multiples/hook/cmake_prefix_path.sh'
[28.753s] Level 1:colcon.colcon_core.environment:checking '/home/daniel/controlador_multiples/install/controlador_multiples/lib'
[28.753s] Level 1:colcon.colcon_core.environment:checking '/home/daniel/controlador_multiples/install/controlador_multiples/bin'
[28.754s] Level 1:colcon.colcon_core.environment:checking '/home/daniel/controlador_multiples/install/controlador_multiples/lib/pkgconfig/controlador_multiples.pc'
[28.754s] Level 1:colcon.colcon_core.environment:checking '/home/daniel/controlador_multiples/install/controlador_multiples/lib/python3.12/site-packages'
[28.754s] Level 1:colcon.colcon_core.environment:checking '/home/daniel/controlador_multiples/install/controlador_multiples/bin'
[28.755s] INFO:colcon.colcon_core.shell:Creating package descriptor '/home/daniel/controlador_multiples/install/controlador_multiples/share/controlador_multiples/package.dsv'
[28.755s] INFO:colcon.colcon_core.shell:Creating package script '/home/daniel/controlador_multiples/install/controlador_multiples/share/controlador_multiples/package.sh'
[28.756s] INFO:colcon.colcon_core.shell:Creating package script '/home/daniel/controlador_multiples/install/controlador_multiples/share/controlador_multiples/package.bash'
[28.756s] INFO:colcon.colcon_core.shell:Creating package script '/home/daniel/controlador_multiples/install/controlador_multiples/share/controlador_multiples/package.zsh'
[28.757s] Level 1:colcon.colcon_core.environment:create_file_with_runtime_dependencies(/home/daniel/controlador_multiples/install/controlador_multiples/share/colcon-core/packages/controlador_multiples)
[28.757s] DEBUG:colcon.colcon_parallel_executor.executor.parallel:closing loop
[28.757s] DEBUG:colcon.colcon_parallel_executor.executor.parallel:loop closed
[28.757s] DEBUG:colcon.colcon_parallel_executor.executor.parallel:run_until_complete finished with '0'
[28.758s] DEBUG:colcon.colcon_core.event_reactor:joining thread
[28.765s] INFO:colcon.colcon_core.plugin_system:Skipping extension 'colcon_notification.desktop_notification.terminal_notifier': Not used on non-Darwin systems
[28.766s] INFO:colcon.colcon_core.plugin_system:Skipping extension 'colcon_notification.desktop_notification.win32': Not used on non-Windows systems
[28.766s] INFO:colcon.colcon_notification.desktop_notification:Sending desktop notification using 'notify2'
[28.784s] DEBUG:colcon.colcon_core.event_reactor:joined thread
[28.785s] INFO:colcon.colcon_core.shell:Creating prefix script '/home/daniel/controlador_multiples/install/local_setup.sh'
[28.786s] INFO:colcon.colcon_core.shell:Creating prefix util module '/home/daniel/controlador_multiples/install/_local_setup_util_sh.py'
[28.787s] INFO:colcon.colcon_core.shell:Creating prefix chain script '/home/daniel/controlador_multiples/install/setup.sh'
[28.790s] INFO:colcon.colcon_core.shell:Creating prefix script '/home/daniel/controlador_multiples/install/local_setup.bash'
[28.791s] INFO:colcon.colcon_core.shell:Creating prefix chain script '/home/daniel/controlador_multiples/install/setup.bash'
[28.793s] INFO:colcon.colcon_core.shell:Creating prefix script '/home/daniel/controlador_multiples/install/local_setup.zsh'
[28.794s] INFO:colcon.colcon_core.shell:Creating prefix chain script '/home/daniel/controlador_multiples/install/setup.zsh'
