[0.046s] Invoking command in '/home/daniel/controlador_multiples/build/controlador_multiples': CMAKE_PREFIX_PATH=${CMAKE_PREFIX_PATH}:/home/daniel/danbot_v1_ws/install/controlador_motores_v2:/home/daniel/danbot_v1_ws/install/controlador_motores_v1:/home/daniel/danbot_v1_ws/install/cinematica_v1:/opt/ros/jazzy DEBUGINFOD_URLS=https://debuginfod.ubuntu.com /usr/bin/cmake --build /home/daniel/controlador_multiples/build/controlador_multiples -- -j4 -l4
[0.350s] [ 50%] [32mBuilding CXX object CMakeFiles/controlador_multiple.dir/src/controlador_multiple.cpp.o[0m
[47.687s] [100%] [32m[1mLinking CXX executable controlador_multiple[0m
[50.567s] [100%] Built target controlador_multiple
[50.595s] Invoked command in '/home/daniel/controlador_multiples/build/controlador_multiples' returned '0': CMAKE_PREFIX_PATH=${CMAKE_PREFIX_PATH}:/home/daniel/danbot_v1_ws/install/controlador_motores_v2:/home/daniel/danbot_v1_ws/install/controlador_motores_v1:/home/daniel/danbot_v1_ws/install/cinematica_v1:/opt/ros/jazzy DEBUGINFOD_URLS=https://debuginfod.ubuntu.com /usr/bin/cmake --build /home/daniel/controlador_multiples/build/controlador_multiples -- -j4 -l4
[50.627s] Invoking command in '/home/daniel/controlador_multiples/build/controlador_multiples': CMAKE_PREFIX_PATH=${CMAKE_PREFIX_PATH}:/home/daniel/danbot_v1_ws/install/controlador_motores_v2:/home/daniel/danbot_v1_ws/install/controlador_motores_v1:/home/daniel/danbot_v1_ws/install/cinematica_v1:/opt/ros/jazzy DEBUGINFOD_URLS=https://debuginfod.ubuntu.com /usr/bin/cmake --install /home/daniel/controlador_multiples/build/controlador_multiples
[50.644s] -- Install configuration: ""
[50.645s] -- Execute custom install script
[50.646s] -- Up-to-date symlink: /home/daniel/controlador_multiples/install/controlador_multiples/lib/controlador_multiples/controlador_multiple
[50.648s] -- Up-to-date symlink: /home/daniel/controlador_multiples/install/controlador_multiples/share/ament_index/resource_index/package_run_dependencies/controlador_multiples
[50.649s] -- Up-to-date symlink: /home/daniel/controlador_multiples/install/controlador_multiples/share/ament_index/resource_index/parent_prefix_path/controlador_multiples
[50.649s] -- Up-to-date symlink: /home/daniel/controlador_multiples/install/controlador_multiples/share/controlador_multiples/environment/ament_prefix_path.sh
[50.649s] -- Up-to-date symlink: /home/daniel/controlador_multiples/install/controlador_multiples/share/controlador_multiples/environment/ament_prefix_path.dsv
[50.650s] -- Up-to-date symlink: /home/daniel/controlador_multiples/install/controlador_multiples/share/controlador_multiples/environment/path.sh
[50.651s] -- Up-to-date symlink: /home/daniel/controlador_multiples/install/controlador_multiples/share/controlador_multiples/environment/path.dsv
[50.651s] -- Up-to-date symlink: /home/daniel/controlador_multiples/install/controlador_multiples/share/controlador_multiples/local_setup.bash
[50.651s] -- Up-to-date symlink: /home/daniel/controlador_multiples/install/controlador_multiples/share/controlador_multiples/local_setup.sh
[50.651s] -- Up-to-date symlink: /home/daniel/controlador_multiples/install/controlador_multiples/share/controlador_multiples/local_setup.zsh
[50.651s] -- Up-to-date symlink: /home/daniel/controlador_multiples/install/controlador_multiples/share/controlador_multiples/local_setup.dsv
[50.651s] -- Symlinking: /home/daniel/controlador_multiples/install/controlador_multiples/share/controlador_multiples/package.dsv
[50.669s] -- Up-to-date symlink: /home/daniel/controlador_multiples/install/controlador_multiples/share/ament_index/resource_index/packages/controlador_multiples
[50.671s] -- Up-to-date symlink: /home/daniel/controlador_multiples/install/controlador_multiples/share/controlador_multiples/cmake/controlador_multiplesConfig.cmake
[50.671s] -- Up-to-date symlink: /home/daniel/controlador_multiples/install/controlador_multiples/share/controlador_multiples/cmake/controlador_multiplesConfig-version.cmake
[50.671s] -- Up-to-date symlink: /home/daniel/controlador_multiples/install/controlador_multiples/share/controlador_multiples/package.xml
[50.676s] Invoked command in '/home/daniel/controlador_multiples/build/controlador_multiples' returned '0': CMAKE_PREFIX_PATH=${CMAKE_PREFIX_PATH}:/home/daniel/danbot_v1_ws/install/controlador_motores_v2:/home/daniel/danbot_v1_ws/install/controlador_motores_v1:/home/daniel/danbot_v1_ws/install/cinematica_v1:/opt/ros/jazzy DEBUGINFOD_URLS=https://debuginfod.ubuntu.com /usr/bin/cmake --install /home/daniel/controlador_multiples/build/controlador_multiples
